<?xml version="1.0" encoding="UTF-8"?>
<!-- Generated by org.testng.reporters.JUnitXMLReporter -->
<testsuite hostname="PC6" name="TC3" tests="10" failures="0" timestamp="29 Mar 2016 07:13:27 GMT" time="73.895" errors="0">
  <testcase name="test_3" time="7.943" classname="pagetests.VerifySampleTestCase"/>
  <testcase name="test_3" time="6.594" classname="pagetests.VerifySampleTestCase"/>
  <testcase name="test_3" time="6.588" classname="pagetests.VerifySampleTestCase"/>
  <testcase name="test_4" time="6.612" classname="pagetests.VerifySampleTestCase"/>
  <testcase name="test_4" time="6.605" classname="pagetests.VerifySampleTestCase"/>
  <testcase name="test_4" time="6.596" classname="pagetests.VerifySampleTestCase"/>
  <testcase name="test_4" time="6.603" classname="pagetests.VerifySampleTestCase"/>
  <testcase name="test_4" time="6.608" classname="pagetests.VerifySampleTestCase"/>
  <testcase name="test_4" time="6.621" classname="pagetests.VerifySampleTestCase"/>
  <testcase name="test_4" time="6.593" classname="pagetests.VerifySampleTestCase"/>
</testsuite> <!-- TC3 -->
