<?xml version="1.0" encoding="UTF-8"?>
<testng-results skipped="0" failed="0" total="16" passed="16">
  <reporter-output>
  </reporter-output>
  <suite name="Suite" duration-ms="117268" started-at="2016-03-29T07:11:44Z" finished-at="2016-03-29T07:13:41Z">
    <groups>
      <group name="group2">
        <method signature="VerifySampleTestCase.test_3(java.lang.String, java.lang.String, java.lang.String, java.lang.String)[pri:0, instance:pagetests.VerifySampleTestCase@3fee9989]" name="test_3" class="pagetests.VerifySampleTestCase"/>
        <method signature="VerifySampleTestCase.test_4(java.lang.String, java.lang.String, java.lang.String, java.lang.String)[pri:0, instance:pagetests.VerifySampleTestCase@3fee9989]" name="test_4" class="pagetests.VerifySampleTestCase"/>
      </group> <!-- group2 -->
      <group name="group1">
        <method signature="VerifySampleTestCase.test_1()[pri:0, instance:pagetests.VerifySampleTestCase@1bce4f0a]" name="test_1" class="pagetests.VerifySampleTestCase"/>
        <method signature="VerifySampleTestCase.test_2()[pri:0, instance:pagetests.VerifySampleTestCase@1bce4f0a]" name="test_2" class="pagetests.VerifySampleTestCase"/>
        <method signature="VerifySampleTestCase.test_1()[pri:0, instance:pagetests.VerifySampleTestCase@589838eb]" name="test_1" class="pagetests.VerifySampleTestCase"/>
        <method signature="VerifySampleTestCase.test_2()[pri:0, instance:pagetests.VerifySampleTestCase@589838eb]" name="test_2" class="pagetests.VerifySampleTestCase"/>
        <method signature="VerifySampleTestCase.test_1()[pri:0, instance:pagetests.VerifySampleTestCase@e45f292]" name="test_1" class="pagetests.VerifySampleTestCase"/>
        <method signature="VerifySampleTestCase.test_2()[pri:0, instance:pagetests.VerifySampleTestCase@e45f292]" name="test_2" class="pagetests.VerifySampleTestCase"/>
      </group> <!-- group1 -->
    </groups>
    <test name="TC1" duration-ms="14765" started-at="2016-03-29T07:11:44Z" finished-at="2016-03-29T07:11:59Z">
      <class name="pagetests.VerifySampleTestCase">
        <test-method status="PASS" signature="setUp(java.lang.String)[pri:0, instance:pagetests.VerifySampleTestCase@1bce4f0a]" name="setUp" is-config="true" duration-ms="6401" started-at="2016-03-29T14:11:44Z" finished-at="2016-03-29T14:11:51Z">
          <params>
            <param index="0">
              <value>
                <![CDATA[firefox]]>
              </value>
            </param>
          </params>
          <reporter-output>
          </reporter-output>
        </test-method> <!-- setUp -->
        <test-method status="PASS" signature="test_1()[pri:0, instance:pagetests.VerifySampleTestCase@1bce4f0a]" name="test_1" duration-ms="4315" started-at="2016-03-29T14:11:51Z" description="Verify Adoption-Page checkLion" finished-at="2016-03-29T14:11:55Z">
          <reporter-output>
          </reporter-output>
        </test-method> <!-- test_1 -->
        <test-method status="PASS" signature="test_2()[pri:0, instance:pagetests.VerifySampleTestCase@1bce4f0a]" name="test_2" duration-ms="3699" started-at="2016-03-29T14:11:55Z" description="Verify Adoption-Page checkTurle" depends-on-methods="pagetests.VerifySampleTestCase.test_1" finished-at="2016-03-29T14:11:59Z">
          <reporter-output>
          </reporter-output>
        </test-method> <!-- test_2 -->
        <test-method status="PASS" signature="cleanUp()[pri:0, instance:pagetests.VerifySampleTestCase@1bce4f0a]" name="cleanUp" is-config="true" duration-ms="340" started-at="2016-03-29T14:11:59Z" finished-at="2016-03-29T14:11:59Z">
          <reporter-output>
          </reporter-output>
        </test-method> <!-- cleanUp -->
      </class> <!-- pagetests.VerifySampleTestCase -->
    </test> <!-- TC1 -->
    <test name="TC2" duration-ms="14169" started-at="2016-03-29T07:11:59Z" finished-at="2016-03-29T07:12:13Z">
      <class name="pagetests.VerifySampleTestCase">
        <test-method status="PASS" signature="setUp(java.lang.String)[pri:0, instance:pagetests.VerifySampleTestCase@589838eb]" name="setUp" is-config="true" duration-ms="5850" started-at="2016-03-29T14:11:59Z" finished-at="2016-03-29T14:12:05Z">
          <params>
            <param index="0">
              <value>
                <![CDATA[firefox]]>
              </value>
            </param>
          </params>
          <reporter-output>
          </reporter-output>
        </test-method> <!-- setUp -->
        <test-method status="PASS" signature="test_1()[pri:0, instance:pagetests.VerifySampleTestCase@589838eb]" name="test_1" duration-ms="4319" started-at="2016-03-29T14:12:05Z" description="Verify Adoption-Page checkLion" finished-at="2016-03-29T14:12:09Z">
          <reporter-output>
          </reporter-output>
        </test-method> <!-- test_1 -->
        <test-method status="PASS" signature="test_2()[pri:0, instance:pagetests.VerifySampleTestCase@589838eb]" name="test_2" duration-ms="3684" started-at="2016-03-29T14:12:09Z" description="Verify Adoption-Page checkTurle" depends-on-methods="pagetests.VerifySampleTestCase.test_1" finished-at="2016-03-29T14:12:13Z">
          <reporter-output>
          </reporter-output>
        </test-method> <!-- test_2 -->
        <test-method status="PASS" signature="cleanUp()[pri:0, instance:pagetests.VerifySampleTestCase@589838eb]" name="cleanUp" is-config="true" duration-ms="312" started-at="2016-03-29T14:12:13Z" finished-at="2016-03-29T14:12:13Z">
          <reporter-output>
          </reporter-output>
        </test-method> <!-- cleanUp -->
      </class> <!-- pagetests.VerifySampleTestCase -->
    </test> <!-- TC2 -->
    <test name="TC3" duration-ms="73895" started-at="2016-03-29T07:12:13Z" finished-at="2016-03-29T07:13:27Z">
      <class name="pagetests.VerifySampleTestCase">
        <test-method status="PASS" signature="setUp(java.lang.String)[pri:0, instance:pagetests.VerifySampleTestCase@3fee9989]" name="setUp" is-config="true" duration-ms="5853" started-at="2016-03-29T14:12:13Z" finished-at="2016-03-29T14:12:19Z">
          <params>
            <param index="0">
              <value>
                <![CDATA[firefox]]>
              </value>
            </param>
          </params>
          <reporter-output>
          </reporter-output>
        </test-method> <!-- setUp -->
        <test-method status="PASS" signature="test_3(java.lang.String, java.lang.String, java.lang.String, java.lang.String)[pri:0, instance:pagetests.VerifySampleTestCase@3fee9989]" name="test_3" duration-ms="7943" started-at="2016-03-29T14:12:19Z" description="Verify Adoption-Page checkTurle, DataProvider Object" data-provider="infomation" finished-at="2016-03-29T14:12:27Z">
          <params>
            <param index="0">
              <value>
                <![CDATA[name]]>
              </value>
            </param>
            <param index="1">
              <value>
                <![CDATA[address]]>
              </value>
            </param>
            <param index="2">
              <value>
                <![CDATA[email]]>
              </value>
            </param>
            <param index="3">
              <value>
                <![CDATA[postcode]]>
              </value>
            </param>
          </params>
          <reporter-output>
          </reporter-output>
        </test-method> <!-- test_3 -->
        <test-method status="PASS" signature="test_3(java.lang.String, java.lang.String, java.lang.String, java.lang.String)[pri:0, instance:pagetests.VerifySampleTestCase@3fee9989]" name="test_3" duration-ms="6594" started-at="2016-03-29T14:12:27Z" description="Verify Adoption-Page checkTurle, DataProvider Object" data-provider="infomation" finished-at="2016-03-29T14:12:34Z">
          <params>
            <param index="0">
              <value>
                <![CDATA[John]]>
              </value>
            </param>
            <param index="1">
              <value>
                <![CDATA[vietnam]]>
              </value>
            </param>
            <param index="2">
              <value>
                <![CDATA[email@yahoo.com]]>
              </value>
            </param>
            <param index="3">
              <value>
                <![CDATA[70000]]>
              </value>
            </param>
          </params>
          <reporter-output>
          </reporter-output>
        </test-method> <!-- test_3 -->
        <test-method status="PASS" signature="test_3(java.lang.String, java.lang.String, java.lang.String, java.lang.String)[pri:0, instance:pagetests.VerifySampleTestCase@3fee9989]" name="test_3" duration-ms="6588" started-at="2016-03-29T14:12:34Z" description="Verify Adoption-Page checkTurle, DataProvider Object" data-provider="infomation" finished-at="2016-03-29T14:12:40Z">
          <params>
            <param index="0">
              <value>
                <![CDATA[Peter]]>
              </value>
            </param>
            <param index="1">
              <value>
                <![CDATA[england]]>
              </value>
            </param>
            <param index="2">
              <value>
                <![CDATA[email@google.com]]>
              </value>
            </param>
            <param index="3">
              <value>
                <![CDATA[76860]]>
              </value>
            </param>
          </params>
          <reporter-output>
          </reporter-output>
        </test-method> <!-- test_3 -->
        <test-method status="PASS" signature="test_4(java.lang.String, java.lang.String, java.lang.String, java.lang.String)[pri:0, instance:pagetests.VerifySampleTestCase@3fee9989]" name="test_4" duration-ms="6612" started-at="2016-03-29T14:12:41Z" description="Verify User Information  using Excel dataset" data-provider="exceldata" finished-at="2016-03-29T14:12:47Z">
          <params>
            <param index="0">
              <value>
                <![CDATA[name1]]>
              </value>
            </param>
            <param index="1">
              <value>
                <![CDATA[address1]]>
              </value>
            </param>
            <param index="2">
              <value>
                <![CDATA[email1@yahoo.com]]>
              </value>
            </param>
            <param index="3">
              <value>
                <![CDATA[postcode1]]>
              </value>
            </param>
          </params>
          <reporter-output>
          </reporter-output>
        </test-method> <!-- test_4 -->
        <test-method status="PASS" signature="test_4(java.lang.String, java.lang.String, java.lang.String, java.lang.String)[pri:0, instance:pagetests.VerifySampleTestCase@3fee9989]" name="test_4" duration-ms="6605" started-at="2016-03-29T14:12:47Z" description="Verify User Information  using Excel dataset" data-provider="exceldata" finished-at="2016-03-29T14:12:54Z">
          <params>
            <param index="0">
              <value>
                <![CDATA[name2]]>
              </value>
            </param>
            <param index="1">
              <value>
                <![CDATA[address2]]>
              </value>
            </param>
            <param index="2">
              <value>
                <![CDATA[email2@yahoo.com]]>
              </value>
            </param>
            <param index="3">
              <value>
                <![CDATA[postcode2]]>
              </value>
            </param>
          </params>
          <reporter-output>
          </reporter-output>
        </test-method> <!-- test_4 -->
        <test-method status="PASS" signature="test_4(java.lang.String, java.lang.String, java.lang.String, java.lang.String)[pri:0, instance:pagetests.VerifySampleTestCase@3fee9989]" name="test_4" duration-ms="6596" started-at="2016-03-29T14:12:54Z" description="Verify User Information  using Excel dataset" data-provider="exceldata" finished-at="2016-03-29T14:13:00Z">
          <params>
            <param index="0">
              <value>
                <![CDATA[name3]]>
              </value>
            </param>
            <param index="1">
              <value>
                <![CDATA[address3]]>
              </value>
            </param>
            <param index="2">
              <value>
                <![CDATA[email3@yahoo.com]]>
              </value>
            </param>
            <param index="3">
              <value>
                <![CDATA[postcode3]]>
              </value>
            </param>
          </params>
          <reporter-output>
          </reporter-output>
        </test-method> <!-- test_4 -->
        <test-method status="PASS" signature="test_4(java.lang.String, java.lang.String, java.lang.String, java.lang.String)[pri:0, instance:pagetests.VerifySampleTestCase@3fee9989]" name="test_4" duration-ms="6603" started-at="2016-03-29T14:13:00Z" description="Verify User Information  using Excel dataset" data-provider="exceldata" finished-at="2016-03-29T14:13:07Z">
          <params>
            <param index="0">
              <value>
                <![CDATA[name4]]>
              </value>
            </param>
            <param index="1">
              <value>
                <![CDATA[address4]]>
              </value>
            </param>
            <param index="2">
              <value>
                <![CDATA[email4@yahoo.com]]>
              </value>
            </param>
            <param index="3">
              <value>
                <![CDATA[postcode4]]>
              </value>
            </param>
          </params>
          <reporter-output>
          </reporter-output>
        </test-method> <!-- test_4 -->
        <test-method status="PASS" signature="test_4(java.lang.String, java.lang.String, java.lang.String, java.lang.String)[pri:0, instance:pagetests.VerifySampleTestCase@3fee9989]" name="test_4" duration-ms="6608" started-at="2016-03-29T14:13:07Z" description="Verify User Information  using Excel dataset" data-provider="exceldata" finished-at="2016-03-29T14:13:14Z">
          <params>
            <param index="0">
              <value>
                <![CDATA[name5]]>
              </value>
            </param>
            <param index="1">
              <value>
                <![CDATA[address5]]>
              </value>
            </param>
            <param index="2">
              <value>
                <![CDATA[email5@yahoo.com]]>
              </value>
            </param>
            <param index="3">
              <value>
                <![CDATA[postcode5]]>
              </value>
            </param>
          </params>
          <reporter-output>
          </reporter-output>
        </test-method> <!-- test_4 -->
        <test-method status="PASS" signature="test_4(java.lang.String, java.lang.String, java.lang.String, java.lang.String)[pri:0, instance:pagetests.VerifySampleTestCase@3fee9989]" name="test_4" duration-ms="6621" started-at="2016-03-29T14:13:14Z" description="Verify User Information  using Excel dataset" data-provider="exceldata" finished-at="2016-03-29T14:13:20Z">
          <params>
            <param index="0">
              <value>
                <![CDATA[name6]]>
              </value>
            </param>
            <param index="1">
              <value>
                <![CDATA[address6]]>
              </value>
            </param>
            <param index="2">
              <value>
                <![CDATA[email6@yahoo.com]]>
              </value>
            </param>
            <param index="3">
              <value>
                <![CDATA[postcode6]]>
              </value>
            </param>
          </params>
          <reporter-output>
          </reporter-output>
        </test-method> <!-- test_4 -->
        <test-method status="PASS" signature="test_4(java.lang.String, java.lang.String, java.lang.String, java.lang.String)[pri:0, instance:pagetests.VerifySampleTestCase@3fee9989]" name="test_4" duration-ms="6593" started-at="2016-03-29T14:13:20Z" description="Verify User Information  using Excel dataset" data-provider="exceldata" finished-at="2016-03-29T14:13:27Z">
          <params>
            <param index="0">
              <value>
                <![CDATA[name7]]>
              </value>
            </param>
            <param index="1">
              <value>
                <![CDATA[address7]]>
              </value>
            </param>
            <param index="2">
              <value>
                <![CDATA[email7@yahoo.com]]>
              </value>
            </param>
            <param index="3">
              <value>
                <![CDATA[postcode7]]>
              </value>
            </param>
          </params>
          <reporter-output>
          </reporter-output>
        </test-method> <!-- test_4 -->
        <test-method status="PASS" signature="cleanUp()[pri:0, instance:pagetests.VerifySampleTestCase@3fee9989]" name="cleanUp" is-config="true" duration-ms="293" started-at="2016-03-29T14:13:27Z" finished-at="2016-03-29T14:13:27Z">
          <reporter-output>
          </reporter-output>
        </test-method> <!-- cleanUp -->
      </class> <!-- pagetests.VerifySampleTestCase -->
    </test> <!-- TC3 -->
    <test name="TC4" duration-ms="14422" started-at="2016-03-29T07:13:27Z" finished-at="2016-03-29T07:13:41Z">
      <class name="pagetests.VerifySampleTestCase">
        <test-method status="PASS" signature="setUp(java.lang.String)[pri:0, instance:pagetests.VerifySampleTestCase@e45f292]" name="setUp" is-config="true" duration-ms="5564" started-at="2016-03-29T14:13:27Z" finished-at="2016-03-29T14:13:33Z">
          <params>
            <param index="0">
              <value>
                <![CDATA[chrome]]>
              </value>
            </param>
          </params>
          <reporter-output>
          </reporter-output>
        </test-method> <!-- setUp -->
        <test-method status="PASS" signature="test_1()[pri:0, instance:pagetests.VerifySampleTestCase@e45f292]" name="test_1" duration-ms="3861" started-at="2016-03-29T14:13:33Z" description="Verify Adoption-Page checkLion" finished-at="2016-03-29T14:13:36Z">
          <reporter-output>
          </reporter-output>
        </test-method> <!-- test_1 -->
        <test-method status="PASS" signature="test_2()[pri:0, instance:pagetests.VerifySampleTestCase@e45f292]" name="test_2" duration-ms="3717" started-at="2016-03-29T14:13:36Z" description="Verify Adoption-Page checkTurle" depends-on-methods="pagetests.VerifySampleTestCase.test_1" finished-at="2016-03-29T14:13:40Z">
          <reporter-output>
          </reporter-output>
        </test-method> <!-- test_2 -->
        <test-method status="PASS" signature="cleanUp()[pri:0, instance:pagetests.VerifySampleTestCase@e45f292]" name="cleanUp" is-config="true" duration-ms="1279" started-at="2016-03-29T14:13:40Z" finished-at="2016-03-29T14:13:41Z">
          <reporter-output>
          </reporter-output>
        </test-method> <!-- cleanUp -->
      </class> <!-- pagetests.VerifySampleTestCase -->
    </test> <!-- TC4 -->
  </suite> <!-- Suite -->
</testng-results>
